####################
RAGDQ2dl14Ik/4jvLTmLaEyD7uxjx91PBJ2mxbESXTc+f7XWk32G/1MkSyhK9dAKs+kCrQrQKY723ZQrKlxBSW7nq7URVq6XrfArfchQy5zKMJCkI/beE1f2br0ppYjc9B38SXQ6mcGiv9M4SW+jt7HIpPLAAvko303aI4UTZUE=
####################
r48XKgZqrFLK66fFzVxurfXbT8+oMAhEVCbq+X3iRs9aUofXDK6aQusgvZZICdexf8NxuibS8P6sZKc7uIc9w/BqUmbQ09gG+24QNF1PKzcbantfRRG4I4DomaKyuh8Ih8M//K2f69hLXqTKHHyAyUrVAkc+KBiBJq9hJZ1vN7S3Q58Lkq2q9FFwPr3qUYX8pkTneoKGqgj5cLsfoQ6SUY2bYjZyMx9KBnLe90I1EY2woys7GwpVva+v0DMoo3aqdKLVjoop6eHnkSoyO7rSBMgjcH+bMk4A8bDogRkTgt+xhbJb7yiC5of+t6Ut54AEXRfr+Bj3Xphy4OLibbuWWQ==
####################
MqxSsb8f7eM0qbXaIX+Z8ixYh3evzSV5MT60K02m9wVmowMYoNGw2PKOVzxSSiF6OH6LUpNhm3a9dUWvogXAq6+e0pEzj+OKHrarkCj8ILhnbVXi9jrLk9woi4QXFZjuQEVWSqgNqQSpxJjviV1QphKgu1hN8Mo/V7ezzBYr2Gc=
####################
5i4+xrHLG5c5AQUmtpt8FYZrKlWJfvdSKiib3z9iDfINT/JrJcs7IUgNfE9+pk9E7bosJOfGZDpKQBZtRcZ9K+j0CV3rqYI/WlqtB1GbD0ijlGIV8TN/sH+iMHClSQmnptYkGwT9V3GejIKM09zUZFKjMsUxzepDjJL/MCeCqecM1k7+7+6lXr+Dn/KjoU41SVcsvQqPP+S9pYCYSgUEkefKA+KE6Cxvw3LRKAJbFJDBfM4GRwjnPyHeyZ1410DSxXWMLVaPYtatH+DH2rnCp58pToE+ziZCoz/1EeuTm7+VzVraZVpb5Wbamri7GsO8SpL+6g2lxiuLf1WiDDDUVg==
####################
JG1tlY9lo00eEGuYZrQMejtlBK5wNYu2k8gp6Kf9zwp5ywxrUp9BlIA3ygPL7PYpHMozwJXYiA0FUyh0SbFrCRZaQstwPQd8vcXtLEq65CNbTa0epR08kFl+hPDRfS+24nB6msPJhunTdbM4B6r6o/T0zkNa6rcHaO6ARbgYHC4=
####################
839UTYrxYr+UEPg6/YGm+vLBz8QlheRErfk7p5H3cjFyBhTgpa1uFVIpqGpeqn/t0ULYByPykOixaDltq4PhqJhFCYeQwaQVVfQzyf4ewY1MHV7GusyPZrMS8xydcYajl8UxZE+4HRH9WcRqCjINLRYgWv8113jKdS7KYZmihuHg8ocrAdiGKm3RQstj8is3n4H/knbrD3W5l+R0Kegzg49JGtTfORt3nf1CcM0h6j980lgQUaF64+WXVg7V8OPL53psHdviloCeF66B5AVUw+rD/LTXhlKmiVpJ79pTshrJCCIQlX4qjxqV3VsE0yX8ByFR/oV+n2Rb49rXrTLRLQ==
####################
lfQRfWIpsDVhCUDrZBdol2qwS0fZbtA3i1YQHuVhWrQmd2QOmTGN2jzKPrKsFCHXG2e4e1plZxjJByLVJXq1IRbvKZJIBsrsJUoVh1fKFVxserT1Aw6X2w7W4X7pV+O7VLf2/zw6gIRgmLWu+4lDTa39wiIGVSTQtV/YlzvVay0=
####################
QfJBlW6syta79YRmxofVMHlp1rS6bwimKa0BOjCXOLTdnq93jXN2D6+hImI0mOngkj/DWGZ+HrnmLO3TigN8UJgzCZjeFKml/veYqFwPyuK/YYPZ5i7tUVb09KZT1auWfjmRNugRRMBFPU5woUUpGSLzUQqtHL+fxPqul0RZN3wqyxSCPA91NxntlryWNhZPQstZL4PpoqC9+0z8xMYz8GbD6v7hCVegA17hTKMoIwdVF3nHBL1sc5oHh3YlMjQi6eodu/KZheqbnheseVaL8JbPInv8FFrY0GQLDfMjak75dhgYnRh5d+zgGF7kuoInw9CfSL5oCC+v/jk4l4VmfQ==
####################
Dt3N3NS5dbKaAKGGTME2WBF7Ef2w6z2XwQAyps6x0eu0srNFb3iq+8Y4aL+U62mdetEmCANTBstd7OTDQT6Yl71qZNlFnm5Z0X4iSnxHcshLyGOkgWx56P+za21RL7CSAbfD6j75ezD9bqM7GjMITswPTFhvpM7k8lgnRKiPREo=
####################
29p4dXvgRXtU1BnAyx8jkAzoAM6KWw0w5A9tV6AnfhVNY4ezNnm0CmBmVORW+eO90ZLVAyscLNqPCDVCu24+/mOfo6aNTnkCdtePd1sF1y/lund009CdJlA8imZFBHiGpi6Wuy1ALms7N7EONG4kkQqH5r+OFAeI1Y7RY9rjJJpdcOQpJFBIvnRBX9Rw4MtdyIU82xhRx4zri9sLJyItqVN63pu3I+1aQU0jv5NbW77P2/f8Hrz1lvC4UfGQFTPZYYWxjdIajhpbVg/EA4Rvdpovpww43BIXGL/BscP8n1/GAcR3Qzy34Ofanmt/MPOD6z8+5ob1JKQZG2iMLuJOug==
####################
pzvMNkPa53REmW58SEo2XgbGYFH2qAsTn80t6EBNX6yislLqYQ/SAcZVHn2KxeWqp6vvLNvCMRYNdwpeVbMQxwrzPk1yjVrMDXCv0bILVF1+qt0QIgXQZYYl9sjVMzKIQYg0fzJnKKMieDNIyCcPfPrPgXul1BGlfhtqTOMTBMg=
####################
a97hcoxxoHLiJytx2p6DMDoDohvMvLCXfmT3awXNWoLMyGN9FmO/C8YGYt0j420w+ndhPyFu58+Z7wLyDNexR149RHaHCr2oN9HuIA3ztJgJvq3y1KT1fxY1vM44yBwIWiYG/NwkmJje7BL9ykO6eUAHCw7wjrOBfLm+0c24MebR3EXtffOhvE3sMCGinwvDJgl6Il+fjCOMUCj4Rn5g2+9YQRsbVPfDMWoaNQ4M3tjNUgofKpjKn36iQ/Y5ztvKQDLLZ6pSXkcS5Nk4azL2GCHShrmv+vHxkD1hmhDz/dhXsTEO9hUjI0ISCrDrlw4qdq0ahxmp4bFm19b4bL4DEA==
####################
qD7vSp+JaoNKhzIYPnbzEVL4zxpYWNDmtJNhS1qSp2Bo30NokAYTrE/sERnAzCCSNmJ9ujvK2nI4nl7QOeOBdCGuXwE5nhEEe7xyANeFlYvuvzupRvo1CR2Ow/TDafW93bF+1qKGes0TIvRwpVaBjXxcIGFdUKdyZO7kDjLlChM=
####################
IBnGWfoJ8I4fn/u5aOAfFd0uUZ0PxGTh2vGFJ5pSfDnoAN45FwOkXna01AdqH6LM4+CpGkqQJqRJv0VVGOM6wPy2GrV3A93Qu8KWLcLbGBhlHTJv5iUGeuI9rbsn0p3D9B2SEvnxSQ5oGGJRJqXYiLS96jQCTqqOyFNuC/liks6I6Cwh1gR/M7dC52gNH01XpueMaHfGg2KqLuo3FuSXRK0pdBZbNsmPTutFPsI1YPaca7bomJ+rys7aVO5Bfk36igoW9hkxyMh9xPpLHJSY9OGNf5Hi7KZqrQYyvllEzfOKJNGTx24ZkLdgrXwR8PlxUGDC/B/pycSxsu1b+xDmHw==
####################
Lf5PNKX5zkmo7CX2BsJ4yXOuLzEYEOE1Y1ELZkYIHWreBJV/NQQm6FnM1qpSNfdfpoEyYOLkXZIO123qlzpyen+H/ixnTTqdVF6ap5RcPLMb9TN16cg3vum7SrzgFvKg5K9jfWlGmcb42UefJGTvaHXRIqBQf9EGU4LJorxtbjE=
####################
2vkk0d9mdEoNbpwHIQWjoT+yvNK/NkLcpnND23erthY+D5Qh/a1w1lEGt3xuugzzeFVxRLgA0wDevZHgprUta7Gu86M0OsM61tV7aF/vnC3/mSfJgxL5JIUnw4IerfWVM1fUgy7Kg2gDWhVJfI94tKlmKMTZZDXsiQhDfH0yIT3b1iFu5Skk/QRMTcL8+Vrwsijj3xFx5zwYzXh8iU2OPxkwIiHyDH8ru0aJWbmuX0mwkWJYbqTsS+SHQc0TW+nm/+sowYiJ7StIxKUUCc2N3ldpTPmT8XG9bv+PmlRIA8IBU443XrQig5BNgirkO9iij/FFbXQJvP/h52crIlfZww==
####################
OGI7t8dWuAKrFUcYgQjAiAbY3hg8UG1jtQPChQVLTUaoQ2riP74LLPT3oLknIlsCJh70ATcH+CcYj55Z2wi4C4ml/GEeIvqdqjXSWEEdwLKXZXgK6/VWK9klgupvxK1SQe+ssVZ8Xf4XWBHFbVlI3O20JTnE4Laa73ZS594KLF0=
####################
z2nCFgqw3rbnoen9mQT6QOepKla941aPUrtUCGyDs8xibnxqem0twUNLUwhf/sNgExNfpql8nebhbErVV00FgU12vo12ja+yVraiM06CNpRgjvhO3l+6oZh2zn12PPfhpR1dT5eJ6JvKRif6/6OW0F5Hi4lb89xB5BdylvBjpULGRO1+AbtOJOhN+tnfmCXjle7i5wXvvtx32vFgTe/DC+4RbUKNiVNwkw67JXdVORo5028T1U3ScMvkOMXGyFMx5GT09DPn8SXgM8vEBdIgVzdMlvIeDLaxIzx9Mu3DlhaWRv/Ra41EbySNMdOpv1/homDINhnwpCPwPYN4uk6j0w==
####################
oQPmDpbgXCXE5hDVdozdGSvWfkw7l7OW4mBVIPTwDeUWhPnYmbof7JjhL/qSaqwXJu6D6C6Hs7AFpUYT3tfroB4lZLaFn/8hve26tgWtkzCIkvdbzDccay2YTvY9cCum7LhjCTS9uzAddKoRvcYyfJr3OcuMvYEypR3qLcK93vo=
####################
KnexkCdI+v1N1FwRC+pZ+H67EKO9JBqwY/gSvgBjr7FjlKtRG3RswtYZktiUnnOwxl+zLo4XESyqsCyAigfzt2umK4fd7/iPJioQvGWTK9Wkyb4zgyVdVhlhxCw8omyKkaoICNqI5RLaOhzjrKpQPt3EtdYlLhZZXNRvzScH5zpXNx3iqi0J1+4jGXRVabpFPfP7E3VDa4PSNWkMbHeVZnW7vGvjOJxP5B9HTDcOku4RC4xmcBvAMQnJ7NY+OHqKlSCmUGJpxr+VCXAWwWkmUFlP450EKDbMflSlrt2CoKeCNQSe6hjr0vAOCG5E2b6064KJvMC1tIv0l+jyDwg1fA==
####################
SYW3j64oPS4yo+qJyibGCWcqI0P2t5/zhjLxsOjLw4+abgdeAvSXcxguTkU7SEFOjCGh1eGS1pvbBGpBgxE8zCRIuxZO/JWZEzl3PJgnwaf2lH8zivPneyuf5+X7S5Qoxsw2bndIH5CsIREbwsJ022U5WAJV0U6xy3tqzw31dNQ=
####################
1K7wgOvAiC+VAHyX31dbfOj2Rz/vLOQ2IaYnLCIs16Oxbr0H2ynYpGQtmAJR/F+pI2ctdIGgHBjRJTfXVPU5HxoTMHeA94QEfF56W1eJD0Glpf5QGbEuEdPIy2qObgLW/5KwzfwF9oNQRU9oG2TFqJcNGM+eqOLWaHHkpohjxYeZsuNeRnaEuAIv7tk1VQHX8xjhGx0UTec0ncBzsth+6qk3mV1LQ9lpk0659GNkQYZ6OXWKOalChCa3bizSu0d1CgwOEX9V7YAT18lFIflveuipKoXGneO//AkruMokf0VkV+OVCwQxF+U/cTfNEm/VuQSCYxsc6UDfuLGKVBlNjw==
####################
sN/MOzFkVn4bhwca2P2uJTyVUwqeGRuRCDtvLh+V4+5z1b5n+Y1ledXGNNqx0bQ+O8KOhgwcXd3NI6ROR2LVzEzkWQEVQ6mMFuPnGgkDgbGQ3OVtQEfXFmPckaDdFPekcy0ARZ8NeCBQM8fIfBHw260tzvl1AS61/Pt25f6TS7E=
####################
vq0SgoPB4pBTYqMtSzEx0WR3sZ2LnTPd4U748I7dFmSDE3+OhzN+fzKpOvlbbzkB0WSIn1jgS0agpuL2sflgDM/L8dtnWmi29Nws/ZI3e2ZDIkH5gd6E9zbrbA2aoh6C8kp/urmmVu0HmBdw+1/GZSV2MKygzl0uozgLke0YNs0F82+4Zqt5c6RBy49GkGwHqnJo4JTOzpRv6rEFrFAf8fB4PXOoGWazgUsqn1GoK3yWr99/qlD6GGdEMcr9yCE6dBGzC0hQghE+jbs0DAUvPqkzCK3s8h+DUBfafJFxb6T6jsSqz1T1/OPhWm9jvN0YwIwYvbrAY0Rc/RCKLxqglA==
