####################
DIBMO6r0ANICb2n1vj/1HT4G59wk+hdo5BYPBO1okxRIQIxAvCwPD0PYr4MRMSmCs0nVHZyqqfTFlUcayB222BILui/PYfQPoqzyOtM5Fvmq8kKg8aENiyfskUqx4VxBl847DBDd8GdhxjepvSiW8/V4Ip3sKUJeMK2WsOUB2ik=
####################
Yb0sbJARBWbJE7FPiPD4HCO2OsB7V56HaRcxWmG722FM21G9xvmc7I3aLEcZCRkTb27mtxf3w93n4i3sQevfxqXmVPv0XXulJFhF73bOjtsyM0Ffwl/n4T8qBu6MzMRZ/dEySXZHOh88Ro72rjkad94f9vQzVGwheWkKB/MYNsBSm5C5XgpAahSVzBG0OkmVhGN98BcN9ovf+jbg72iBZMedIMmGm+BycV4tC74qcwMtNBd0WI/HiuCauYRvZ4zims+ys82gVZ/AxeF/lBVvH2sZC9iSMxG8mEkvijagllFgMExb/61gAJUUbKUoWAOSYlFZ+Me+uquQ6QqMy1k8wA==
####################
vU3rm8dnH6rzcqGueUKBez/1ZNNA9N5sxoEyIB83X1h4yYcxESJrYNPNlt6Ri5ZdS6sHLnhMKX7dj3yZ/wyHTlKLExlx+6EmDFXITTwaobNdA8KeIMbvTs7x32plB5MtJcezDGIYk0altJR+z7FZ88iMm0WH2st/cMtH6t4ByYA=
####################
RNvmxZgObTTkL4DqhCRJWRJE0hjG7WhKPH/s4xO0X5I7Sc8+DirObco7u0UTVGDbd1jSyu1KSp4k7n8Og4FnXn1b3qic80UfWrnoEV++VZnZQ2CnBzsonjZY45/BsZcCVLNsKLdEAov+MxR29W7ew4m1ofji60++sIwxA4wkz9e21WG3FgngOyGXzyfgAXuvNeywGRIvN0xkOB2CNdoAsN/+xPeTtJvB4pb5t0cw6rcP3TfneHENTtfeiX16ua3t2KyrfFkdPaTRrNmk1B6DIo6Na3PbPlMeZdATARMpxinEwTw5Uns2zniFeIHu0V34/fkveUFf13jSJptPT85VRw==
####################
bVs1QigtZXV+lPgtmVwm6ZIc4Gfn1eEgPwvYK7KoAPSRx6pwiu3zEGQaUOCZp46lZW1XnhR+njgWxWDjumPwUZxjDR3SgJZIDFty8VIwO60HaW8v/Y+8ttwXrtaT8BffTwx2z02s+p/6w6pwenElChg3ifN9IVNq3biwbyZD7TM=
####################
QCr9tr/kKKT+r+DHVOPvxlaazMX6Z3DO4laV24nzfuU27YmDVn7vp2mXTNGWhPsueOo2Kgvx+2OWOfhpCup0XtZEqU/ZCDsSMiMgCQ9RSoA3P8BpFdzIi6NfhTQW4grfBO5khdn6O1L+uyuJcPE8rYPcEVivXkP9k3HF99GMq4AHzZNQOlJ1uNWijpRRNwJufe1QcFtViksD7fwxHrW9LnpwgiLgUknLcr8uMjmW8m24FVc9bG7PqJk7Y5QndViur4htL4IM0EPLXzhi26gmhIXED6+wTjrBZuVC7ppJAGI0HC5M4hxoTs3kpsRn67ca5JB0EWKTXPbSmGrVlSbe3w==
####################
CHPUDcBaj7qHP5I9NwtQ+jTmdtmfg9u9uyY3074xrjp6p+neUe3rq36ZMjemgy6C/MDfH6nc5TrmP2Xk51uurbeiEGtaGIjU23+lF4VZPFjuFxesGeP7a27Iffl5ldABbW5GfhBXjcfE1wwCl5te/004F5ZfqFgxHWn3mj1UX6E=
####################
6iRKpX9VkGGvQeeR/PYFzX8nv8ZA8EETVwa6wu8GVkO8dlx9GrX/vOdu9MT13XJWXGHAITpVG1WiMJ4jBWKSgSMqPQKqmmIc9MkXCItS8SQirjJHp85QI44Yq37Gy+hwM+JSgw0QMrEibGXZretkJYS3E3Y7YJ0P/TiLNoqWNhPhy3R4e95YONxu2jbom9HR0BS8GiB8qDIzSuLpadErquwmKGrUUMJgapVxCS8gsyFX9zWnjEVKqXiB3ysH1+PYgyx9sLTxXpaGGndjj+MPL3biI6DW+BgxiF4oWh+9OHKkwG4Tj6J1KrbhEi1bvFKS2DaJRTruv5IWKLf32DUC3w==
####################
Ew1BY7folSLZzFN64/lqxDHjaDzEhprIOlOEp3Wvb5HFt4lQ+ejwa3FVWZT+d1WZLSgHOTjiOYt5pL7G3E3ed9NJDELUCM2cotp8TqtaG1gE8Ew51JbwdSnR1A0kFWxR+NYXerYRK00AR8AtMfiq3o421KmHLyKxzW3JFxsRW6A=
####################
6RHwj+1GWtZbKkg9wooJ1QGwcHCbFgmCIi4kVwCxPs6oibwf7q/8k82C9kdPHDK+jwhJ+hhIVo02vyU5RiospemxuqZ6iMwtW/wR1TSVk5wKuNnlpQT+7+fLRA5r6DH4IfimnLT+qRdPlwkRqT0EPNPTQ7I6pBflmKVjChob/SAn9dqmwls7hlTS4Quq+tb/ZnMwVREdj86811WpvYObk7YQTerKxqRXLq+h6DvndDN0DvHZfgrpw9IJfwkT9YEAmnw8OdBI92IwTrXR/6+5hEIm3ZDXvxJZCySGzsXpjl6mMjycdiJ1olnrNXiuVGs91RjfnKOIzRJQxI1T4YEPXg==
####################
XWL5n1pVEMqGwXzb2VY0AF+GhpZ0Qck3Gzr7Cu/GdpXjn1dYPJnzJWVM7vNzy7nZ/ICDkYagWD6wd780l6E1+Bh7C+xONKaWHovHgfmCLJmNp98UbQeJfrxx7dNQ4D2RcV0+vr6SRir0wf4xihIMz3wiudDmUHShoDf/7+Lcuz8=
####################
QKGouyETqo0DFFLJJ89GE3y+KbFuaxVLMRz7c869Q5C/qvahJXsQRgQxWvB0DJrmT4zblNTdx5Ii25FDQyBevA4WHiPylSXdCj9fUaHMfFgaW1GineC/NVEvkDkX/k2FDBLS8A6QwH2AaErC0T6NawszjWRRohbwv8aRXGiXnOmXqka7iVaF4JyKaS1WYw7vmERgWXURLy32KFY8R2S66iEh35fkbpRm9X3HhHYfl8laDi1nJt6/t1RwRRVSxaG2u/nY7K3fsfo9uleWf3EcVVJI9sOzfIGyAobO3soa9S9Eyg+IWSFrmlw1rNF57YJG13uVBRby0rvGCR9tESfF2A==
####################
CZbaraMiIptZef3aI1FJv5SkNJEtiTFqtAiRdq01kzCwF5bSsPIZq6FcI6HccglG5nyUJkHH8aR25hIrtROXPQdlbHH709DLvDvg0lPlOiT7fV+F21BHVdgdQLmpo23NpzdtWsntC53lsyTbMDD7xrKonVr+3ViGuCsv4+VMfis=
####################
ngvWYndO1MhW/YX6LfKL+nIq/IOvWWowdVIS4YETP2R2UknDN4ZHMD8jtYWMkj9NiuQollavQLd+V3frAsNB+JLHa3Zg33StYr5q5o2z0dQrIgwpOwSdxm7EIGTFWNkGp/wS+ut70vet58KojHTIwpwbQptwkrMYUAmJ/vZwwdjf0sQpslPcLDBniFFMJV9r7+voXN0JcW/SBK36Nm5WKYrPV0SfPvZZXSYdZ3xHqo0aS8SsLCFco+raKi2/74RpU3VX7d15dgtY4hcNmRbja7Md/vxGf1vP2vY4vqQAGsGTwJovkQyaMxNQCnjHW5ILv9AapidTjPOAHf3M29BOkg==
####################
kTataJHtkeZ5k6bIh/2SQyYiQIw2EaDFFCah0RzXJQsHyo5znMaetBOtqBQQp72KU1xlMDzG1AN1ISO/cTcHdycHP60SasMuSMyNrrKa0KBXNJi7hD53JMJSsz73aKaOmpNhyNO0ySV8Qv/QRxG5CSSz5jx7hAOTymkgFqv5WMM=
####################
7QWSWmsorsJHq7TcrmDt7dIKg2GQZrNVXJxSYbx348Fn8EtcMozXOchUgEAMZOBPSh3zs2otTMeg5AtBz6jBefdf0ybjDua8JugYZWQOGABNXBkhVQASyG+2tFqqVQAWiW8PQ9x9mmlHXDAetjcH+q0QJRTbIwLy0gQhQiVwa0c4AQRid1QZRGlHORIceZT9glWtmi7dfmnCgtt0f2bKdalcchSQ+pM+4iwxEMKQ5Fe9CPd0t/NbJb3ZdzK69+n28OUsutQ+YMl1HKO5stMq8hfs1/Tk5LmkKuIuTSlUcB0jlIkhwnHJaaj+HYmpWdOBzmEUnrr6hWTeGGJAmJ/Ubg==
####################
OFiqXrPsJsxJ3k65Zzgi0MqoT0uGyv8gTYUZbROy5DR+YtYClUsH4skQs+rkG7g+Of1f0ipnVLANW2EwVlQplTtdf1UMhMmb3f+yYXrAKrFYTdBk32ptZQjksPe4F4PMJeghAVZfm4fd7ggNkSHm8aDKba2r7fmf+K2Ptn2nstw=
####################
ZCqvQ9LQxGopeoU9u9E6xkMkWDkyt0mFTZfKqf8PzbGpM6TBqE8rK+z3bh7mUacvvatWLyBS/apLD44e9wuO+vnq567o3WZARaMQYXCfW+YLelQaMCz1FnW0HoPXam8mxzBQ93o16eRT3ucYIcBvIfaqdMlYd9F0hJiFs/yR6wgQp9Dage1SmimHDn8zm7zPYGb+O1XYCXamIYwrHA+k+TGOTOQywxsslHT9itWF8qnZ9DYtt9xhMtZXCDKBwtV3ekG1lbb5iFIii1Xxqu82Hr9mY9qgc+9+qKvhkPEBj8jtX/p2HM/ZfpxbDAHXao/nSc+mL397QqCgSpw899cEGA==
